0 verbose cli /data/data/com.termux/files/usr/bin/node /data/data/com.termux/files/usr/bin/npm
1 info using npm@11.4.2
2 info using node@v24.3.0
3 silly config load:file:/data/data/com.termux/files/usr/lib/node_modules/npm/npmrc
4 silly config load:file:/data/data/com.termux/files/home/depin-bot/.npmrc
5 silly config load:file:/data/data/com.termux/files/home/.npmrc
6 silly config load:file:/data/data/com.termux/files/usr/etc/npmrc
7 verbose title npm install @whiskeysockets/baileys qrcode-terminal axios ffmpeg-static
8 verbose argv "install" "@whiskeysockets/baileys" "qrcode-terminal" "axios" "ffmpeg-static"
9 verbose logfile logs-max:10 dir:/data/data/com.termux/files/home/.npm/_logs/2025-07-10T11_37_40_683Z-
10 verbose logfile /data/data/com.termux/files/home/.npm/_logs/2025-07-10T11_37_40_683Z-debug-0.log
11 silly logfile done cleaning log files
12 silly packumentCache heap:1174405120 maxSize:293601280 maxEntrySize:146800640
13 silly idealTree buildDeps
14 silly fetch manifest axios@^1.6.7
15 silly packumentCache full:https://registry.npmjs.org/axios cache-miss
16 http fetch GET 200 https://registry.npmjs.org/axios 530ms (cache revalidated)
17 silly packumentCache full:https://registry.npmjs.org/axios set size:668703 disposed:false
18 silly fetch manifest qrcode-terminal@^0.12.0
19 silly packumentCache full:https://registry.npmjs.org/qrcode-terminal cache-miss
20 http fetch GET 200 https://registry.npmjs.org/qrcode-terminal 77ms (cache revalidated)
21 silly packumentCache full:https://registry.npmjs.org/qrcode-terminal set size:29799 disposed:false
22 silly fetch manifest @whiskeysockets/baileys@*
23 silly packumentCache full:https://registry.npmjs.org/@whiskeysockets%2fbaileys cache-miss
24 http fetch GET 200 https://registry.npmjs.org/@whiskeysockets%2fbaileys 127ms (cache miss)
25 silly packumentCache full:https://registry.npmjs.org/@whiskeysockets%2fbaileys set size:undefined disposed:false
26 silly fetch manifest audio-decode@^2.1.3
27 silly packumentCache full:https://registry.npmjs.org/audio-decode cache-miss
28 http fetch GET 200 https://registry.npmjs.org/audio-decode 76ms (cache revalidated)
29 silly packumentCache full:https://registry.npmjs.org/audio-decode set size:68555 disposed:false
30 silly fetch manifest jimp@^0.16.1
31 silly packumentCache full:https://registry.npmjs.org/jimp cache-miss
32 http fetch GET 200 https://registry.npmjs.org/jimp 92ms (cache revalidated)
33 silly packumentCache full:https://registry.npmjs.org/jimp set size:1192935 disposed:false
34 silly fetch manifest link-preview-js@^3.0.0
35 silly packumentCache full:https://registry.npmjs.org/link-preview-js cache-miss
36 http fetch GET 200 https://registry.npmjs.org/link-preview-js 73ms (cache revalidated)
37 silly packumentCache full:https://registry.npmjs.org/link-preview-js set size:140735 disposed:false
38 silly fetch manifest sharp@^0.32.6
39 silly packumentCache full:https://registry.npmjs.org/sharp cache-miss
40 http fetch GET 200 https://registry.npmjs.org/sharp 91ms (cache revalidated)
41 silly packumentCache full:https://registry.npmjs.org/sharp set size:972854 disposed:false
42 silly fetch manifest ffmpeg-static@*
43 silly packumentCache full:https://registry.npmjs.org/ffmpeg-static cache-miss
44 http fetch GET 200 https://registry.npmjs.org/ffmpeg-static 105ms (cache miss)
45 silly packumentCache full:https://registry.npmjs.org/ffmpeg-static set size:undefined disposed:false
46 silly placeDep ROOT @whiskeysockets/baileys@6.7.18 OK for: depin-bot@1.0.0 want: *
47 silly placeDep ROOT axios@1.10.0 REPLACE for: depin-bot@1.0.0 want: ^1.6.7
48 silly placeDep ROOT ffmpeg-static@5.2.0 OK for: depin-bot@1.0.0 want: *
49 silly placeDep ROOT qrcode-terminal@0.12.0 REPLACE for: depin-bot@1.0.0 want: ^0.12.0
50 silly fetch manifest @hapi/boom@^9.1.3
51 silly packumentCache full:https://registry.npmjs.org/@hapi%2fboom cache-miss
52 silly fetch manifest pino@^9.6
53 silly packumentCache full:https://registry.npmjs.org/pino cache-miss
54 silly fetch manifest @derhuerst/http-basic@^8.2.0
55 silly packumentCache full:https://registry.npmjs.org/@derhuerst%2fhttp-basic cache-miss
56 silly fetch manifest env-paths@^2.2.0
57 silly packumentCache full:https://registry.npmjs.org/env-paths cache-miss
58 silly fetch manifest https-proxy-agent@^5.0.0
59 silly packumentCache full:https://registry.npmjs.org/https-proxy-agent cache-miss
60 silly fetch manifest progress@^2.0.3
61 silly packumentCache full:https://registry.npmjs.org/progress cache-miss
62 http fetch GET 200 https://registry.npmjs.org/@derhuerst%2fhttp-basic 103ms (cache miss)
63 silly packumentCache full:https://registry.npmjs.org/@derhuerst%2fhttp-basic set size:undefined disposed:false
64 http fetch GET 200 https://registry.npmjs.org/env-paths 197ms (cache miss)
65 silly packumentCache full:https://registry.npmjs.org/env-paths set size:undefined disposed:false
66 http fetch GET 200 https://registry.npmjs.org/pino 209ms (cache revalidated)
67 silly packumentCache full:https://registry.npmjs.org/pino set size:1174223 disposed:false
68 http fetch GET 200 https://registry.npmjs.org/progress 235ms (cache miss)
69 silly packumentCache full:https://registry.npmjs.org/progress set size:undefined disposed:false
70 http fetch GET 200 https://registry.npmjs.org/https-proxy-agent 240ms (cache miss)
71 silly packumentCache full:https://registry.npmjs.org/https-proxy-agent set size:undefined disposed:false
72 http fetch GET 200 https://registry.npmjs.org/@hapi%2fboom 524ms (cache revalidated)
73 silly packumentCache full:https://registry.npmjs.org/@hapi%2fboom set size:55554 disposed:false
74 silly placeDep node_modules/@whiskeysockets/baileys @hapi/boom@9.1.4 OK for: @whiskeysockets/baileys@6.7.18 want: ^9.1.3
75 silly placeDep node_modules/@whiskeysockets/baileys pino@9.7.0 OK for: @whiskeysockets/baileys@6.7.18 want: ^9.6
76 silly fetch manifest @hapi/hoek@9.x.x
77 silly packumentCache full:https://registry.npmjs.org/@hapi%2fhoek cache-miss
78 silly fetch manifest pino-abstract-transport@^2.0.0
79 silly packumentCache full:https://registry.npmjs.org/pino-abstract-transport cache-miss
80 silly fetch manifest pino-std-serializers@^7.0.0
81 silly packumentCache full:https://registry.npmjs.org/pino-std-serializers cache-miss
82 silly fetch manifest process-warning@^5.0.0
83 silly packumentCache full:https://registry.npmjs.org/process-warning cache-miss
84 silly fetch manifest sonic-boom@^4.0.1
85 silly packumentCache full:https://registry.npmjs.org/sonic-boom cache-miss
86 silly fetch manifest thread-stream@^3.0.0
87 silly packumentCache full:https://registry.npmjs.org/thread-stream cache-miss
88 http fetch GET 200 https://registry.npmjs.org/pino-std-serializers 79ms (cache revalidated)
89 silly packumentCache full:https://registry.npmjs.org/pino-std-serializers set size:94156 disposed:false
90 http fetch GET 200 https://registry.npmjs.org/pino-abstract-transport 86ms (cache revalidated)
91 silly packumentCache full:https://registry.npmjs.org/pino-abstract-transport set size:26790 disposed:false
92 http fetch GET 200 https://registry.npmjs.org/process-warning 105ms (cache revalidated)
93 silly packumentCache full:https://registry.npmjs.org/process-warning set size:32480 disposed:false
94 http fetch GET 200 https://registry.npmjs.org/thread-stream 106ms (cache revalidated)
95 silly packumentCache full:https://registry.npmjs.org/thread-stream set size:125389 disposed:false
96 http fetch GET 200 https://registry.npmjs.org/sonic-boom 112ms (cache revalidated)
97 silly packumentCache full:https://registry.npmjs.org/sonic-boom set size:166846 disposed:false
98 http fetch GET 200 https://registry.npmjs.org/@hapi%2fhoek 131ms (cache revalidated)
99 silly packumentCache full:https://registry.npmjs.org/@hapi%2fhoek set size:121527 disposed:false
100 silly placeDep ROOT @derhuerst/http-basic@8.2.4 OK for: ffmpeg-static@5.2.0 want: ^8.2.0
101 silly placeDep ROOT env-paths@2.2.1 OK for: ffmpeg-static@5.2.0 want: ^2.2.0
102 silly placeDep ROOT https-proxy-agent@5.0.1 OK for: ffmpeg-static@5.2.0 want: ^5.0.0
103 silly placeDep ROOT progress@2.0.3 OK for: ffmpeg-static@5.2.0 want: ^2.0.3
104 silly fetch manifest caseless@^0.12.0
105 silly packumentCache full:https://registry.npmjs.org/caseless cache-miss
106 silly fetch manifest concat-stream@^2.0.0
107 silly packumentCache full:https://registry.npmjs.org/concat-stream cache-miss
108 silly fetch manifest http-response-object@^3.0.1
109 silly packumentCache full:https://registry.npmjs.org/http-response-object cache-miss
110 silly fetch manifest parse-cache-control@^1.0.1
111 silly packumentCache full:https://registry.npmjs.org/parse-cache-control cache-miss
112 silly fetch manifest agent-base@6
113 silly packumentCache full:https://registry.npmjs.org/agent-base cache-miss
114 http fetch GET 200 https://registry.npmjs.org/parse-cache-control 83ms (cache miss)
115 silly packumentCache full:https://registry.npmjs.org/parse-cache-control set size:undefined disposed:false
116 http fetch GET 200 https://registry.npmjs.org/caseless 88ms (cache miss)
117 silly packumentCache full:https://registry.npmjs.org/caseless set size:undefined disposed:false
118 http fetch GET 200 https://registry.npmjs.org/http-response-object 90ms (cache miss)
119 silly packumentCache full:https://registry.npmjs.org/http-response-object set size:undefined disposed:false
120 http fetch GET 200 https://registry.npmjs.org/concat-stream 98ms (cache miss)
121 silly packumentCache full:https://registry.npmjs.org/concat-stream set size:undefined disposed:false
122 http fetch GET 200 https://registry.npmjs.org/agent-base 104ms (cache miss)
123 silly packumentCache full:https://registry.npmjs.org/agent-base set size:undefined disposed:false
124 silly placeDep ROOT caseless@0.12.0 OK for: @derhuerst/http-basic@8.2.4 want: ^0.12.0
125 silly placeDep ROOT concat-stream@2.0.0 OK for: @derhuerst/http-basic@8.2.4 want: ^2.0.0
126 silly placeDep ROOT http-response-object@3.0.2 OK for: @derhuerst/http-basic@8.2.4 want: ^3.0.1
127 silly placeDep ROOT parse-cache-control@1.0.1 OK for: @derhuerst/http-basic@8.2.4 want: ^1.0.1
128 silly fetch manifest buffer-from@^1.0.0
129 silly packumentCache full:https://registry.npmjs.org/buffer-from cache-miss
130 silly fetch manifest readable-stream@^3.0.2
131 silly packumentCache full:https://registry.npmjs.org/readable-stream cache-miss
132 silly fetch manifest typedarray@^0.0.6
133 silly packumentCache full:https://registry.npmjs.org/typedarray cache-miss
134 silly fetch manifest @types/node@^10.0.3
135 silly packumentCache full:https://registry.npmjs.org/@types%2fnode cache-miss
136 http fetch GET 200 https://registry.npmjs.org/readable-stream 80ms (cache revalidated)
137 silly packumentCache full:https://registry.npmjs.org/readable-stream set size:261096 disposed:false
138 http fetch GET 200 https://registry.npmjs.org/typedarray 92ms (cache miss)
139 silly packumentCache full:https://registry.npmjs.org/typedarray set size:undefined disposed:false
140 http fetch GET 200 https://registry.npmjs.org/buffer-from 96ms (cache miss)
141 silly packumentCache full:https://registry.npmjs.org/buffer-from set size:undefined disposed:false
142 http fetch GET 200 https://registry.npmjs.org/@types%2fnode 145ms (cache revalidated)
143 silly packumentCache full:https://registry.npmjs.org/@types%2fnode set size:10401238 disposed:false
144 silly placeDep ROOT buffer-from@1.1.2 OK for: concat-stream@2.0.0 want: ^1.0.0
145 silly placeDep node_modules/concat-stream readable-stream@3.6.2 OK for: concat-stream@2.0.0 want: ^3.0.2
146 silly placeDep ROOT typedarray@0.0.6 OK for: concat-stream@2.0.0 want: ^0.0.6
147 silly fetch manifest util-deprecate@^1.0.1
148 silly packumentCache full:https://registry.npmjs.org/util-deprecate cache-miss
149 http fetch GET 200 https://registry.npmjs.org/util-deprecate 68ms (cache miss)
150 silly packumentCache full:https://registry.npmjs.org/util-deprecate set size:undefined disposed:false
151 silly placeDep node_modules/http-response-object @types/node@10.17.60 OK for: http-response-object@3.0.2 want: ^10.0.3
152 silly placeDep ROOT agent-base@6.0.2 OK for: https-proxy-agent@5.0.1 want: 6
153 silly placeDep node_modules/@whiskeysockets/baileys @hapi/hoek@9.3.0 OK for: @hapi/boom@9.1.4 want: 9.x.x
154 silly placeDep node_modules/@whiskeysockets/baileys pino-abstract-transport@2.0.0 OK for: pino@9.7.0 want: ^2.0.0
155 silly placeDep node_modules/@whiskeysockets/baileys pino-std-serializers@7.0.0 OK for: pino@9.7.0 want: ^7.0.0
156 silly placeDep node_modules/@whiskeysockets/baileys process-warning@5.0.0 OK for: pino@9.7.0 want: ^5.0.0
157 silly placeDep node_modules/@whiskeysockets/baileys sonic-boom@4.2.0 OK for: pino@9.7.0 want: ^4.0.1
158 silly placeDep node_modules/@whiskeysockets/baileys thread-stream@3.1.0 OK for: pino@9.7.0 want: ^3.0.0
159 silly placeDep ROOT util-deprecate@1.0.2 OK for: readable-stream@3.6.2 want: ^1.0.1
160 silly reify moves {}
161 silly audit bulk request {
161 silly audit   '@cacheable/node-cache': [ '1.5.8' ],
161 silly audit   '@eslint-community/eslint-utils': [ '4.7.0' ],
161 silly audit   '@eslint-community/regexpp': [ '4.12.1' ],
161 silly audit   '@eslint/config-array': [ '0.21.0' ],
161 silly audit   'brace-expansion': [ '1.1.12', '2.0.2' ],
161 silly audit   minimatch: [ '3.1.2', '9.0.5' ],
161 silly audit   '@eslint/config-helpers': [ '0.3.0' ],
161 silly audit   '@eslint/core': [ '0.14.0', '0.15.1' ],
161 silly audit   '@eslint/eslintrc': [ '3.3.1' ],
161 silly audit   ignore: [ '5.3.2', '7.0.5' ],
161 silly audit   '@eslint/js': [ '9.30.1' ],
161 silly audit   '@eslint/object-schema': [ '2.1.6' ],
161 silly audit   '@eslint/plugin-kit': [ '0.3.3' ],
161 silly audit   '@hapi/boom': [ '10.0.1', '9.1.4' ],
161 silly audit   '@hapi/hoek': [ '11.0.7', '9.3.0' ],
161 silly audit   '@humanfs/core': [ '0.19.1' ],
161 silly audit   '@humanfs/node': [ '0.16.6' ],
161 silly audit   '@humanwhocodes/retry': [ '0.3.1', '0.4.3' ],
161 silly audit   '@humanwhocodes/module-importer': [ '1.0.1' ],
161 silly audit   '@keyv/serialize': [ '1.0.3' ],
161 silly audit   '@nodelib/fs.scandir': [ '2.1.5' ],
161 silly audit   '@nodelib/fs.stat': [ '2.0.5' ],
161 silly audit   '@nodelib/fs.walk': [ '1.2.8' ],
161 silly audit   '@protobufjs/aspromise': [ '1.1.2' ],
161 silly audit   '@protobufjs/base64': [ '1.1.2' ],
161 silly audit   '@protobufjs/codegen': [ '2.0.4' ],
161 silly audit   '@protobufjs/eventemitter': [ '1.1.0' ],
161 silly audit   '@protobufjs/fetch': [ '1.1.0' ],
161 silly audit   '@protobufjs/float': [ '1.0.2' ],
161 silly audit   '@protobufjs/inquire': [ '1.1.0' ],
161 silly audit   '@protobufjs/path': [ '1.1.2' ],
161 silly audit   '@protobufjs/pool': [ '1.1.0' ],
161 silly audit   '@protobufjs/utf8': [ '1.1.0' ],
161 silly audit   '@tokenizer/token': [ '0.3.0' ],
161 silly audit   '@types/estree': [ '1.0.8' ],
161 silly audit   '@types/json-schema': [ '7.0.15' ],
161 silly audit   '@types/long': [ '4.0.2' ],
161 silly audit   '@types/node': [ '24.0.12', '10.17.60' ],
161 silly audit   '@typescript-eslint/eslint-plugin': [ '8.36.0' ],
161 silly audit   '@typescript-eslint/parser': [ '8.36.0' ],
161 silly audit   '@typescript-eslint/project-service': [ '8.36.0' ],
161 silly audit   '@typescript-eslint/scope-manager': [ '8.36.0' ],
161 silly audit   '@typescript-eslint/tsconfig-utils': [ '8.36.0' ],
161 silly audit   '@typescript-eslint/type-utils': [ '8.36.0' ],
161 silly audit   '@typescript-eslint/types': [ '8.36.0' ],
161 silly audit   '@typescript-eslint/typescript-estree': [ '8.36.0' ],
161 silly audit   '@typescript-eslint/utils': [ '8.36.0' ],
161 silly audit   '@typescript-eslint/visitor-keys': [ '8.36.0' ],
161 silly audit   'eslint-visitor-keys': [ '4.2.1', '3.4.3' ],
161 silly audit   '@whiskeysockets/eslint-config': [ '1.0.0' ],
161 silly audit   'abort-controller': [ '3.0.0' ],
161 silly audit   accepts: [ '1.3.8' ],
161 silly audit   acorn: [ '8.15.0' ],
161 silly audit   'acorn-jsx': [ '5.3.2' ],
161 silly audit   ajv: [ '6.12.6' ],
161 silly audit   'ansi-regex': [ '5.0.1' ],
161 silly audit   'ansi-styles': [ '4.3.0' ],
161 silly audit   argparse: [ '2.0.1' ],
161 silly audit   'array-flatten': [ '1.1.1' ],
161 silly audit   'async-mutex': [ '0.5.0' ],
161 silly audit   asynckit: [ '0.4.0' ],
161 silly audit   'atomic-sleep': [ '1.0.0' ],
161 silly audit   'awesome-phonenumber': [ '2.73.0' ],
161 silly audit   baileys: [ '6.7.18' ],
161 silly audit   pino: [ '9.7.0', '8.21.0' ],
161 silly audit   'pino-abstract-transport': [ '2.0.0', '1.2.0' ],
161 silly audit   'pino-std-serializers': [ '7.0.0', '6.2.2' ],
161 silly audit   'process-warning': [ '5.0.0', '3.0.0' ],
161 silly audit   'sonic-boom': [ '4.2.0', '3.8.1' ],
161 silly audit   'thread-stream': [ '3.1.0', '2.7.0' ],
161 silly audit   'balanced-match': [ '1.0.2' ],
161 silly audit   'base64-js': [ '1.5.1' ],
161 silly audit   'body-parser': [ '1.20.3' ],
161 silly audit   debug: [ '2.6.9', '4.4.1' ],
161 silly audit   ms: [ '2.0.0', '2.1.3' ],
161 silly audit   braces: [ '3.0.3' ],
161 silly audit   buffer: [ '6.0.3' ],
161 silly audit   bytes: [ '3.1.2' ],
161 silly audit   cacheable: [ '1.10.1' ],
161 silly audit   'call-bind-apply-helpers': [ '1.0.2' ],
161 silly audit   'call-bound': [ '1.0.4' ],
161 silly audit   callsites: [ '3.1.0' ],
161 silly audit   camelcase: [ '5.3.1' ],
161 silly audit   chalk: [ '4.1.2' ],
161 silly audit   cliui: [ '6.0.0' ],
161 silly audit   clone: [ '2.1.2' ],
161 silly audit   'color-convert': [ '2.0.1' ],
161 silly audit   'color-name': [ '1.1.4' ],
161 silly audit   'combined-stream': [ '1.0.8' ],
161 silly audit   'concat-map': [ '0.0.1' ],
161 silly audit   'content-disposition': [ '0.5.4' ],
161 silly audit   'content-type': [ '1.0.5' ],
161 silly audit   cookie: [ '0.7.1' ],
161 silly audit   'cookie-signature': [ '1.0.6' ],
161 silly audit   'cross-spawn': [ '7.0.6' ],
161 silly audit   'curve25519-js': [ '0.0.4' ],
161 silly audit   'data-uri-to-buffer': [ '4.0.1' ],
161 silly audit   decamelize: [ '1.2.0' ],
161 silly audit   'deep-is': [ '0.1.4' ],
161 silly audit   'delayed-stream': [ '1.0.0' ],
161 silly audit   depd: [ '2.0.0' ],
161 silly audit   destroy: [ '1.2.0' ],
161 silly audit   dijkstrajs: [ '1.0.3' ],
161 silly audit   'dunder-proto': [ '1.0.1' ],
161 silly audit   'ee-first': [ '1.1.1' ],
161 silly audit   'emoji-regex': [ '8.0.0' ],
161 silly audit   encodeurl: [ '2.0.0', '1.0.2' ],
161 silly audit   'es-define-property': [ '1.0.1' ],
161 silly audit   'es-errors': [ '1.3.0' ],
161 silly audit   'es-object-atoms': [ '1.1.1' ],
161 silly audit   'es-set-tostringtag': [ '2.1.0' ],
161 silly audit   'escape-html': [ '1.0.3' ],
161 silly audit   'escape-string-regexp': [ '4.0.0' ],
161 silly audit   eslint: [ '9.30.1' ],
161 silly audit   'eslint-plugin-simple-import-sort': [ '12.1.1' ],
161 silly audit   'eslint-scope': [ '8.4.0' ],
161 silly audit   espree: [ '10.4.0' ],
161 silly audit   esquery: [ '1.6.0' ],
161 silly audit   esrecurse: [ '4.3.0' ],
161 silly audit   estraverse: [ '5.3.0' ],
161 silly audit   esutils: [ '2.0.3' ],
161 silly audit   etag: [ '1.8.1' ],
161 silly audit   'event-target-shim': [ '5.0.1' ],
161 silly audit   events: [ '3.3.0' ],
161 silly audit   express: [ '4.21.2' ],
161 silly audit   'fast-deep-equal': [ '3.1.3' ],
161 silly audit   'fast-glob': [ '3.3.3' ],
161 silly audit   'glob-parent': [ '5.1.2', '6.0.2' ],
161 silly audit   'fast-json-stable-stringify': [ '2.1.0' ],
161 silly audit   'fast-levenshtein': [ '2.0.6' ],
161 silly audit   'fast-redact': [ '3.5.0' ],
161 silly audit   fastq: [ '1.19.1' ],
161 silly audit   'fetch-blob': [ '3.2.0' ],
161 silly audit   'file-entry-cache': [ '8.0.0' ],
161 silly audit   'file-type': [ '16.5.4' ],
161 silly audit   'fill-range': [ '7.1.1' ],
161 silly audit   finalhandler: [ '1.3.1' ],
161 silly audit   'find-up': [ '5.0.0', '4.1.0' ],
161 silly audit   'flat-cache': [ '4.0.1' ],
161 silly audit   keyv: [ '4.5.4', '5.3.4' ],
161 silly audit   flatted: [ '3.3.3' ],
161 silly audit   'follow-redirects': [ '1.15.9' ],
161 silly audit   'form-data': [ '4.0.3' ],
161 silly audit   'formdata-polyfill': [ '4.0.10' ],
161 silly audit   forwarded: [ '0.2.0' ],
161 silly audit   fresh: [ '0.5.2' ],
161 silly audit   fs: [ '0.0.1-security' ],
161 silly audit   'function-bind': [ '1.1.2' ],
161 silly audit   'get-caller-file': [ '2.0.5' ],
161 silly audit   'get-intrinsic': [ '1.3.0' ],
161 silly audit   'get-proto': [ '1.0.1' ],
161 silly audit   globals: [ '14.0.0' ],
161 silly audit   gopd: [ '1.2.0' ],
161 silly audit   graphemer: [ '1.4.0' ],
161 silly audit   'has-flag': [ '4.0.0' ],
161 silly audit   'has-symbols': [ '1.1.0' ],
161 silly audit   'has-tostringtag': [ '1.0.2' ],
161 silly audit   hasown: [ '2.0.2' ],
161 silly audit   hookified: [ '1.10.0' ],
161 silly audit   'http-errors': [ '2.0.0' ],
161 silly audit   'iconv-lite': [ '0.4.24' ],
161 silly audit   ieee754: [ '1.2.1' ],
161 silly audit   'import-fresh': [ '3.3.1' ],
161 silly audit   imurmurhash: [ '0.1.4' ],
161 silly audit   inherits: [ '2.0.4' ],
161 silly audit   'ipaddr.js': [ '1.9.1' ],
161 silly audit   'is-extglob': [ '2.1.1' ],
161 silly audit   'is-fullwidth-code-point': [ '3.0.0' ],
161 silly audit   'is-glob': [ '4.0.3' ],
161 silly audit   'is-number': [ '7.0.0' ],
161 silly audit   isexe: [ '2.0.0' ],
161 silly audit   'js-yaml': [ '4.1.0' ],
161 silly audit   'json-buffer': [ '3.0.1' ],
161 silly audit   'json-schema-traverse': [ '0.4.1' ],
161 silly audit   'json-stable-stringify-without-jsonify': [ '1.0.1' ],
161 silly audit   levn: [ '0.4.1' ],
161 silly audit   '@whiskeysockets/libsignal-node': [ '2.0.1' ],
161 silly audit   long: [ '4.0.0', '5.3.2' ],
161 silly audit   protobufjs: [ '6.8.8', '7.5.3' ],
161 silly audit   'locate-path': [ '6.0.0', '5.0.0' ],
161 silly audit   lodash: [ '4.17.21' ],
161 silly audit   'lodash.merge': [ '4.6.2' ],
161 silly audit   'math-intrinsics': [ '1.1.0' ],
161 silly audit   'media-typer': [ '1.1.0', '0.3.0' ],
161 silly audit   'merge-descriptors': [ '1.0.3' ],
161 silly audit   merge2: [ '1.4.1' ],
161 silly audit   methods: [ '1.1.2' ],
161 silly audit   micromatch: [ '4.0.8' ],
161 silly audit   mime: [ '1.6.0' ],
161 silly audit   'mime-db': [ '1.52.0' ],
161 silly audit   'mime-types': [ '2.1.35' ],
161 silly audit   'music-metadata': [ '7.14.0' ],
161 silly audit   'natural-compare': [ '1.4.0' ],
161 silly audit   negotiator: [ '0.6.3' ],
161 silly audit   'node-cache': [ '5.1.2' ],
161 silly audit   'node-domexception': [ '1.0.0' ],
161 silly audit   'node-fetch': [ '3.3.2' ],
161 silly audit   'object-inspect': [ '1.13.4' ],
161 silly audit   'on-exit-leak-free': [ '2.1.2' ],
161 silly audit   'on-finished': [ '2.4.1' ],
161 silly audit   optionator: [ '0.9.4' ],
161 silly audit   'p-limit': [ '3.1.0', '2.3.0' ],
161 silly audit   'p-locate': [ '5.0.0', '4.1.0' ],
161 silly audit   'p-try': [ '2.2.0' ],
161 silly audit   'parent-module': [ '1.0.1' ],
161 silly audit   parseurl: [ '1.3.3' ],
161 silly audit   'path-exists': [ '4.0.0' ],
161 silly audit   'path-key': [ '3.1.1' ],
161 silly audit   'path-to-regexp': [ '0.1.12' ],
161 silly audit   'peek-readable': [ '4.1.0' ],
161 silly audit   picomatch: [ '2.3.1' ],
161 silly audit   pngjs: [ '5.0.0' ],
161 silly audit   'prelude-ls': [ '1.2.1' ],
161 silly audit   process: [ '0.11.10' ],
161 silly audit   'proxy-addr': [ '2.0.7' ],
161 silly audit   'proxy-from-env': [ '1.1.0' ],
161 silly audit   punycode: [ '2.3.1' ],
161 silly audit   qrcode: [ '1.5.4' ],
161 silly audit   qs: [ '6.13.0' ],
161 silly audit   'queue-microtask': [ '1.2.3' ],
161 silly audit   'quick-format-unescaped': [ '4.0.4' ],
161 silly audit   'range-parser': [ '1.2.1' ],
161 silly audit   'raw-body': [ '2.5.2' ],
161 silly audit   'readable-stream': [ '4.7.0', '3.6.2' ],
161 silly audit   'readable-web-to-node-stream': [ '3.0.4' ],
161 silly audit   readline: [ '1.3.0' ],
161 silly audit   'real-require': [ '0.2.0' ],
161 silly audit   'require-directory': [ '2.1.1' ],
161 silly audit   'require-main-filename': [ '2.0.0' ],
161 silly audit   'resolve-from': [ '4.0.0' ],
161 silly audit   reusify: [ '1.1.0' ],
161 silly audit   'run-parallel': [ '1.2.0' ],
161 silly audit   'safe-buffer': [ '5.2.1' ],
161 silly audit   'safe-stable-stringify': [ '2.5.0' ],
161 silly audit   'safer-buffer': [ '2.1.2' ],
161 silly audit   semver: [ '7.7.2' ],
161 silly audit   send: [ '0.19.0' ],
161 silly audit   'serve-static': [ '1.16.2' ],
161 silly audit   'set-blocking': [ '2.0.0' ],
161 silly audit   setprototypeof: [ '1.2.0' ],
161 silly audit   'shebang-command': [ '2.0.0' ],
161 silly audit   'shebang-regex': [ '3.0.0' ],
161 silly audit   'side-channel': [ '1.1.0' ],
161 silly audit   'side-channel-list': [ '1.0.0' ],
161 silly audit   'side-channel-map': [ '1.0.1' ],
161 silly audit   'side-channel-weakmap': [ '1.0.2' ],
161 silly audit   split2: [ '4.2.0' ],
161 silly audit   statuses: [ '2.0.1' ],
161 silly audit   string_decoder: [ '1.3.0' ],
161 silly audit   'string-width': [ '4.2.3' ],
161 silly audit   'strip-ansi': [ '6.0.1' ],
161 silly audit   'strip-json-comments': [ '3.1.1' ],
161 silly audit   strtok3: [ '6.3.0' ],
161 silly audit   'supports-color': [ '7.2.0' ],
161 silly audit   'to-regex-range': [ '5.0.1' ],
161 silly audit   toidentifier: [ '1.0.1' ],
161 silly audit   'token-types': [ '4.2.1' ],
161 silly audit   'ts-api-utils': [ '2.1.0' ],
161 silly audit   tslib: [ '2.8.1' ],
161 silly audit   'type-check': [ '0.4.0' ],
161 silly audit   'type-is': [ '1.6.18' ],
161 silly audit   typescript: [ '5.8.3' ],
161 silly audit   'undici-types': [ '7.8.0' ],
161 silly audit   unpipe: [ '1.0.0' ],
161 silly audit   'uri-js': [ '4.4.1' ],
161 silly audit   'utils-merge': [ '1.0.1' ],
161 silly audit   vary: [ '1.1.2' ],
161 silly audit   'web-streams-polyfill': [ '3.3.3' ],
161 silly audit   which: [ '2.0.2' ],
161 silly audit   'which-module': [ '2.0.1' ],
161 silly audit   'word-wrap': [ '1.2.5' ],
161 silly audit   'wrap-ansi': [ '6.2.0' ],
161 silly audit   ws: [ '8.18.3' ],
161 silly audit   y18n: [ '4.0.3' ],
161 silly audit   yargs: [ '15.4.1' ],
161 silly audit   'yargs-parser': [ '18.1.3' ],
161 silly audit   'yocto-queue': [ '0.1.0' ],
161 silly audit   '@whiskeysockets/baileys': [ '6.7.18' ],
161 silly audit   axios: [ '1.10.0' ],
161 silly audit   'ffmpeg-static': [ '5.2.0' ],
161 silly audit   'qrcode-terminal': [ '0.12.0' ],
161 silly audit   '@derhuerst/http-basic': [ '8.2.4' ],
161 silly audit   'env-paths': [ '2.2.1' ],
161 silly audit   'https-proxy-agent': [ '5.0.1' ],
161 silly audit   progress: [ '2.0.3' ],
161 silly audit   caseless: [ '0.12.0' ],
161 silly audit   'concat-stream': [ '2.0.0' ],
161 silly audit   'http-response-object': [ '3.0.2' ],
161 silly audit   'parse-cache-control': [ '1.0.1' ],
161 silly audit   'buffer-from': [ '1.1.2' ],
161 silly audit   typedarray: [ '0.0.6' ],
161 silly audit   'agent-base': [ '6.0.2' ],
161 silly audit   'util-deprecate': [ '1.0.2' ]
161 silly audit }
162 http cache util-deprecate@https://registry.npmjs.org/util-deprecate/-/util-deprecate-1.0.2.tgz 0ms (cache hit)
163 http cache agent-base@https://registry.npmjs.org/agent-base/-/agent-base-6.0.2.tgz 0ms (cache hit)
164 http cache typedarray@https://registry.npmjs.org/typedarray/-/typedarray-0.0.6.tgz 0ms (cache hit)
165 http cache buffer-from@https://registry.npmjs.org/buffer-from/-/buffer-from-1.1.2.tgz 0ms (cache hit)
166 http cache parse-cache-control@https://registry.npmjs.org/parse-cache-control/-/parse-cache-control-1.0.1.tgz 0ms (cache hit)
167 http cache http-response-object@https://registry.npmjs.org/http-response-object/-/http-response-object-3.0.2.tgz 0ms (cache hit)
168 http cache concat-stream@https://registry.npmjs.org/concat-stream/-/concat-stream-2.0.0.tgz 0ms (cache hit)
169 http cache caseless@https://registry.npmjs.org/caseless/-/caseless-0.12.0.tgz 0ms (cache hit)
170 http cache progress@https://registry.npmjs.org/progress/-/progress-2.0.3.tgz 0ms (cache hit)
171 http cache https-proxy-agent@https://registry.npmjs.org/https-proxy-agent/-/https-proxy-agent-5.0.1.tgz 0ms (cache hit)
172 http cache @derhuerst/http-basic@https://registry.npmjs.org/@derhuerst/http-basic/-/http-basic-8.2.4.tgz 0ms (cache hit)
173 http cache ffmpeg-static@https://registry.npmjs.org/ffmpeg-static/-/ffmpeg-static-5.2.0.tgz 0ms (cache hit)
174 http cache env-paths@https://registry.npmjs.org/env-paths/-/env-paths-2.2.1.tgz 0ms (cache hit)
175 http cache @whiskeysockets/baileys@https://registry.npmjs.org/@whiskeysockets/baileys/-/baileys-6.7.18.tgz 0ms (cache hit)
176 http cache @types/node@https://registry.npmjs.org/@types/node/-/node-10.17.60.tgz 0ms (cache hit)
177 http cache readable-stream@https://registry.npmjs.org/readable-stream/-/readable-stream-3.6.2.tgz 0ms (cache hit)
178 http cache thread-stream@https://registry.npmjs.org/thread-stream/-/thread-stream-3.1.0.tgz 0ms (cache hit)
179 http cache process-warning@https://registry.npmjs.org/process-warning/-/process-warning-5.0.0.tgz 0ms (cache hit)
180 http cache sonic-boom@https://registry.npmjs.org/sonic-boom/-/sonic-boom-4.2.0.tgz 0ms (cache hit)
181 http cache pino-abstract-transport@https://registry.npmjs.org/pino-abstract-transport/-/pino-abstract-transport-2.0.0.tgz 0ms (cache hit)
182 http cache pino-std-serializers@https://registry.npmjs.org/pino-std-serializers/-/pino-std-serializers-7.0.0.tgz 0ms (cache hit)
183 http cache @hapi/hoek@https://registry.npmjs.org/@hapi/hoek/-/hoek-9.3.0.tgz 0ms (cache hit)
184 http cache pino@https://registry.npmjs.org/pino/-/pino-9.7.0.tgz 0ms (cache hit)
185 http cache @hapi/boom@https://registry.npmjs.org/@hapi/boom/-/boom-9.1.4.tgz 0ms (cache hit)
186 silly tarball no local data for util-deprecate@https://registry.npmjs.org/util-deprecate/-/util-deprecate-1.0.2.tgz. Extracting by manifest.
187 silly tarball no local data for typedarray@https://registry.npmjs.org/typedarray/-/typedarray-0.0.6.tgz. Extracting by manifest.
188 silly tarball no local data for agent-base@https://registry.npmjs.org/agent-base/-/agent-base-6.0.2.tgz. Extracting by manifest.
189 silly tarball no local data for buffer-from@https://registry.npmjs.org/buffer-from/-/buffer-from-1.1.2.tgz. Extracting by manifest.
190 silly tarball no local data for parse-cache-control@https://registry.npmjs.org/parse-cache-control/-/parse-cache-control-1.0.1.tgz. Extracting by manifest.
191 silly tarball no local data for http-response-object@https://registry.npmjs.org/http-response-object/-/http-response-object-3.0.2.tgz. Extracting by manifest.
192 silly tarball no local data for concat-stream@https://registry.npmjs.org/concat-stream/-/concat-stream-2.0.0.tgz. Extracting by manifest.
193 silly tarball no local data for caseless@https://registry.npmjs.org/caseless/-/caseless-0.12.0.tgz. Extracting by manifest.
194 silly tarball no local data for progress@https://registry.npmjs.org/progress/-/progress-2.0.3.tgz. Extracting by manifest.
195 silly tarball no local data for https-proxy-agent@https://registry.npmjs.org/https-proxy-agent/-/https-proxy-agent-5.0.1.tgz. Extracting by manifest.
196 silly tarball no local data for @derhuerst/http-basic@https://registry.npmjs.org/@derhuerst/http-basic/-/http-basic-8.2.4.tgz. Extracting by manifest.
197 silly tarball no local data for ffmpeg-static@https://registry.npmjs.org/ffmpeg-static/-/ffmpeg-static-5.2.0.tgz. Extracting by manifest.
198 silly tarball no local data for env-paths@https://registry.npmjs.org/env-paths/-/env-paths-2.2.1.tgz. Extracting by manifest.
199 silly tarball no local data for @whiskeysockets/baileys@https://registry.npmjs.org/@whiskeysockets/baileys/-/baileys-6.7.18.tgz. Extracting by manifest.
200 silly tarball no local data for readable-stream@https://registry.npmjs.org/readable-stream/-/readable-stream-3.6.2.tgz. Extracting by manifest.
201 http fetch GET 200 https://registry.npmjs.org/typedarray/-/typedarray-0.0.6.tgz 329ms (cache miss)
202 http fetch POST 200 https://registry.npmjs.org/-/npm/v1/security/advisories/bulk 382ms
203 silly audit report {}
204 http fetch GET 200 https://registry.npmjs.org/buffer-from/-/buffer-from-1.1.2.tgz 338ms (cache miss)
205 http fetch GET 200 https://registry.npmjs.org/util-deprecate/-/util-deprecate-1.0.2.tgz 343ms (cache miss)
206 http fetch GET 200 https://registry.npmjs.org/parse-cache-control/-/parse-cache-control-1.0.1.tgz 340ms (cache miss)
207 http fetch GET 200 https://registry.npmjs.org/agent-base/-/agent-base-6.0.2.tgz 408ms (cache miss)
208 http fetch GET 200 https://registry.npmjs.org/http-response-object/-/http-response-object-3.0.2.tgz 418ms (cache miss)
209 http fetch GET 200 https://registry.npmjs.org/concat-stream/-/concat-stream-2.0.0.tgz 430ms (cache miss)
210 http fetch GET 200 https://registry.npmjs.org/env-paths/-/env-paths-2.2.1.tgz 429ms (cache miss)
211 http fetch GET 200 https://registry.npmjs.org/progress/-/progress-2.0.3.tgz 435ms (cache miss)
212 http fetch GET 200 https://registry.npmjs.org/caseless/-/caseless-0.12.0.tgz 441ms (cache miss)
213 http fetch GET 200 https://registry.npmjs.org/https-proxy-agent/-/https-proxy-agent-5.0.1.tgz 452ms (cache miss)
214 http fetch GET 200 https://registry.npmjs.org/ffmpeg-static/-/ffmpeg-static-5.2.0.tgz 452ms (cache miss)
215 http fetch GET 200 https://registry.npmjs.org/readable-stream/-/readable-stream-3.6.2.tgz 465ms (cache miss)
216 http fetch GET 200 https://registry.npmjs.org/@derhuerst/http-basic/-/http-basic-8.2.4.tgz 746ms (cache miss)
217 http fetch GET 200 https://registry.npmjs.org/@whiskeysockets/baileys/-/baileys-6.7.18.tgz 1560ms (cache miss)
218 info run @whiskeysockets/baileys@6.7.18 preinstall node_modules/@whiskeysockets/baileys node ./engine-requirements.js
219 info run @whiskeysockets/baileys@6.7.18 preinstall { code: 0, signal: null }
220 info run ffmpeg-static@5.2.0 install node_modules/ffmpeg-static node install.js
221 info run ffmpeg-static@5.2.0 install { code: 1, signal: null }
222 verbose stack Error: command failed
222 verbose stack     at promiseSpawn (/data/data/com.termux/files/usr/lib/node_modules/npm/node_modules/@npmcli/promise-spawn/lib/index.js:22:22)
222 verbose stack     at spawnWithShell (/data/data/com.termux/files/usr/lib/node_modules/npm/node_modules/@npmcli/promise-spawn/lib/index.js:124:10)
222 verbose stack     at promiseSpawn (/data/data/com.termux/files/usr/lib/node_modules/npm/node_modules/@npmcli/promise-spawn/lib/index.js:12:12)
222 verbose stack     at runScriptPkg (/data/data/com.termux/files/usr/lib/node_modules/npm/node_modules/@npmcli/run-script/lib/run-script-pkg.js:79:13)
222 verbose stack     at runScript (/data/data/com.termux/files/usr/lib/node_modules/npm/node_modules/@npmcli/run-script/lib/run-script.js:9:12)
222 verbose stack     at /data/data/com.termux/files/usr/lib/node_modules/npm/node_modules/@npmcli/arborist/lib/arborist/rebuild.js:331:17
222 verbose stack     at run (/data/data/com.termux/files/usr/lib/node_modules/npm/node_modules/promise-call-limit/dist/commonjs/index.js:67:22)
222 verbose stack     at /data/data/com.termux/files/usr/lib/node_modules/npm/node_modules/promise-call-limit/dist/commonjs/index.js:84:9
222 verbose stack     at new Promise (<anonymous>)
222 verbose stack     at callLimit (/data/data/com.termux/files/usr/lib/node_modules/npm/node_modules/promise-call-limit/dist/commonjs/index.js:35:69)
223 verbose pkgid ffmpeg-static@5.2.0
224 error code 1
225 error path /data/data/com.termux/files/home/depin-bot/node_modules/ffmpeg-static
226 error command failed
227 error command sh -c node install.js
228 silly unfinished npm timer reify 1752147462419
229 silly unfinished npm timer reify:build 1752147467228
230 silly unfinished npm timer build 1752147467229
231 silly unfinished npm timer build:deps 1752147467230
232 silly unfinished npm timer build:run:install 1752147467468
233 silly unfinished npm timer build:run:install:node_modules/ffmpeg-static 1752147467468
234 verbose cwd /data/data/com.termux/files/home/depin-bot
235 verbose os Linux 5.10.226-android12-9-00047-g4968e29b7f92-ab12786767
236 verbose node v24.3.0
237 verbose npm  v11.4.2
238 verbose exit 1
239 verbose code 1
240 error A complete log of this run can be found in: /data/data/com.termux/files/home/.npm/_logs/2025-07-10T11_37_40_683Z-debug-0.log
