0 verbose cli /data/data/com.termux/files/usr/bin/node /data/data/com.termux/files/usr/bin/npm
1 info using npm@11.3.0
2 info using node@v24.2.0
3 silly config load:file:/data/data/com.termux/files/usr/lib/node_modules/npm/npmrc
4 silly config load:file:/data/data/com.termux/files/home/depin-bot/.npmrc
5 silly config load:file:/data/data/com.termux/files/home/.npmrc
6 silly config load:file:/data/data/com.termux/files/usr/etc/npmrc
7 verbose title npm install node-fetch
8 verbose argv "install" "node-fetch"
9 verbose logfile logs-max:10 dir:/data/data/com.termux/files/home/.npm/_logs/2025-07-10T10_47_10_550Z-
10 verbose logfile /data/data/com.termux/files/home/.npm/_logs/2025-07-10T10_47_10_550Z-debug-0.log
11 silly logfile done cleaning log files
12 silly packumentCache heap:1174405120 maxSize:293601280 maxEntrySize:146800640
13 silly idealTree buildDeps
14 silly fetch manifest node-fetch@*
15 silly packumentCache full:https://registry.npmjs.org/node-fetch cache-miss
16 http fetch GET 200 https://registry.npmjs.org/node-fetch 527ms (cache miss)
17 silly packumentCache full:https://registry.npmjs.org/node-fetch set size:undefined disposed:false
18 silly placeDep ROOT node-fetch@3.3.2 OK for: depin-bot@1.0.0 want: *
19 silly fetch manifest data-uri-to-buffer@^4.0.0
20 silly packumentCache full:https://registry.npmjs.org/data-uri-to-buffer cache-miss
21 silly fetch manifest fetch-blob@^3.1.4
22 silly packumentCache full:https://registry.npmjs.org/fetch-blob cache-miss
23 silly fetch manifest formdata-polyfill@^4.0.10
24 silly packumentCache full:https://registry.npmjs.org/formdata-polyfill cache-miss
25 http fetch GET 200 https://registry.npmjs.org/formdata-polyfill 95ms (cache miss)
26 silly packumentCache full:https://registry.npmjs.org/formdata-polyfill set size:undefined disposed:false
27 http fetch GET 200 https://registry.npmjs.org/data-uri-to-buffer 187ms (cache miss)
28 silly packumentCache full:https://registry.npmjs.org/data-uri-to-buffer set size:undefined disposed:false
29 http fetch GET 200 https://registry.npmjs.org/fetch-blob 190ms (cache miss)
30 silly packumentCache full:https://registry.npmjs.org/fetch-blob set size:undefined disposed:false
31 silly placeDep ROOT data-uri-to-buffer@4.0.1 OK for: node-fetch@3.3.2 want: ^4.0.0
32 silly placeDep ROOT fetch-blob@3.2.0 OK for: node-fetch@3.3.2 want: ^3.1.4
33 silly placeDep ROOT formdata-polyfill@4.0.10 OK for: node-fetch@3.3.2 want: ^4.0.10
34 silly fetch manifest node-domexception@^1.0.0
35 silly packumentCache full:https://registry.npmjs.org/node-domexception cache-miss
36 silly fetch manifest web-streams-polyfill@^3.0.3
37 silly packumentCache full:https://registry.npmjs.org/web-streams-polyfill cache-miss
38 http fetch GET 200 https://registry.npmjs.org/web-streams-polyfill 92ms (cache miss)
39 silly packumentCache full:https://registry.npmjs.org/web-streams-polyfill set size:undefined disposed:false
40 http fetch GET 200 https://registry.npmjs.org/node-domexception 102ms (cache miss)
41 silly packumentCache full:https://registry.npmjs.org/node-domexception set size:undefined disposed:false
42 silly placeDep ROOT node-domexception@1.0.0 OK for: fetch-blob@3.2.0 want: ^1.0.0
43 silly placeDep ROOT web-streams-polyfill@3.3.3 OK for: fetch-blob@3.2.0 want: ^3.0.3
44 silly reify moves {}
45 silly audit bulk request {
45 silly audit   '@cacheable/node-cache': [ '1.5.8' ],
45 silly audit   '@eslint-community/eslint-utils': [ '4.7.0' ],
45 silly audit   '@eslint-community/regexpp': [ '4.12.1' ],
45 silly audit   '@eslint/config-array': [ '0.21.0' ],
45 silly audit   'brace-expansion': [ '1.1.12', '2.0.2' ],
45 silly audit   minimatch: [ '3.1.2', '9.0.5' ],
45 silly audit   '@eslint/config-helpers': [ '0.3.0' ],
45 silly audit   '@eslint/core': [ '0.14.0', '0.15.1' ],
45 silly audit   '@eslint/eslintrc': [ '3.3.1' ],
45 silly audit   ignore: [ '5.3.2', '7.0.5' ],
45 silly audit   '@eslint/js': [ '9.30.1' ],
45 silly audit   '@eslint/object-schema': [ '2.1.6' ],
45 silly audit   '@eslint/plugin-kit': [ '0.3.3' ],
45 silly audit   '@hapi/boom': [ '10.0.1', '9.1.4' ],
45 silly audit   '@hapi/hoek': [ '11.0.7', '9.3.0' ],
45 silly audit   '@humanfs/core': [ '0.19.1' ],
45 silly audit   '@humanfs/node': [ '0.16.6' ],
45 silly audit   '@humanwhocodes/retry': [ '0.3.1', '0.4.3' ],
45 silly audit   '@humanwhocodes/module-importer': [ '1.0.1' ],
45 silly audit   '@keyv/serialize': [ '1.0.3' ],
45 silly audit   '@nodelib/fs.scandir': [ '2.1.5' ],
45 silly audit   '@nodelib/fs.stat': [ '2.0.5' ],
45 silly audit   '@nodelib/fs.walk': [ '1.2.8' ],
45 silly audit   '@protobufjs/aspromise': [ '1.1.2' ],
45 silly audit   '@protobufjs/base64': [ '1.1.2' ],
45 silly audit   '@protobufjs/codegen': [ '2.0.4' ],
45 silly audit   '@protobufjs/eventemitter': [ '1.1.0' ],
45 silly audit   '@protobufjs/fetch': [ '1.1.0' ],
45 silly audit   '@protobufjs/float': [ '1.0.2' ],
45 silly audit   '@protobufjs/inquire': [ '1.1.0' ],
45 silly audit   '@protobufjs/path': [ '1.1.2' ],
45 silly audit   '@protobufjs/pool': [ '1.1.0' ],
45 silly audit   '@protobufjs/utf8': [ '1.1.0' ],
45 silly audit   '@tokenizer/token': [ '0.3.0' ],
45 silly audit   '@types/estree': [ '1.0.8' ],
45 silly audit   '@types/json-schema': [ '7.0.15' ],
45 silly audit   '@types/long': [ '4.0.2' ],
45 silly audit   '@types/node': [ '24.0.12', '10.17.60' ],
45 silly audit   '@typescript-eslint/eslint-plugin': [ '8.36.0' ],
45 silly audit   '@typescript-eslint/parser': [ '8.36.0' ],
45 silly audit   '@typescript-eslint/project-service': [ '8.36.0' ],
45 silly audit   '@typescript-eslint/scope-manager': [ '8.36.0' ],
45 silly audit   '@typescript-eslint/tsconfig-utils': [ '8.36.0' ],
45 silly audit   '@typescript-eslint/type-utils': [ '8.36.0' ],
45 silly audit   '@typescript-eslint/types': [ '8.36.0' ],
45 silly audit   '@typescript-eslint/typescript-estree': [ '8.36.0' ],
45 silly audit   '@typescript-eslint/utils': [ '8.36.0' ],
45 silly audit   '@typescript-eslint/visitor-keys': [ '8.36.0' ],
45 silly audit   'eslint-visitor-keys': [ '4.2.1', '3.4.3' ],
45 silly audit   '@whiskeysockets/eslint-config': [ '1.0.0' ],
45 silly audit   'abort-controller': [ '3.0.0' ],
45 silly audit   accepts: [ '1.3.8' ],
45 silly audit   acorn: [ '8.15.0' ],
45 silly audit   'acorn-jsx': [ '5.3.2' ],
45 silly audit   ajv: [ '6.12.6' ],
45 silly audit   'ansi-regex': [ '5.0.1' ],
45 silly audit   'ansi-styles': [ '4.3.0' ],
45 silly audit   argparse: [ '2.0.1' ],
45 silly audit   'array-flatten': [ '1.1.1' ],
45 silly audit   'async-mutex': [ '0.5.0' ],
45 silly audit   asynckit: [ '0.4.0' ],
45 silly audit   'atomic-sleep': [ '1.0.0' ],
45 silly audit   'awesome-phonenumber': [ '2.73.0' ],
45 silly audit   axios: [ '1.10.0' ],
45 silly audit   baileys: [ '6.7.18' ],
45 silly audit   pino: [ '9.7.0', '8.21.0' ],
45 silly audit   'pino-abstract-transport': [ '2.0.0', '1.2.0' ],
45 silly audit   'pino-std-serializers': [ '7.0.0', '6.2.2' ],
45 silly audit   'process-warning': [ '5.0.0', '3.0.0' ],
45 silly audit   'sonic-boom': [ '4.2.0', '3.8.1' ],
45 silly audit   'thread-stream': [ '3.1.0', '2.7.0' ],
45 silly audit   'balanced-match': [ '1.0.2' ],
45 silly audit   'base64-js': [ '1.5.1' ],
45 silly audit   'body-parser': [ '1.20.3' ],
45 silly audit   debug: [ '2.6.9', '4.4.1' ],
45 silly audit   ms: [ '2.0.0', '2.1.3' ],
45 silly audit   braces: [ '3.0.3' ],
45 silly audit   buffer: [ '6.0.3' ],
45 silly audit   bytes: [ '3.1.2' ],
45 silly audit   cacheable: [ '1.10.1' ],
45 silly audit   'call-bind-apply-helpers': [ '1.0.2' ],
45 silly audit   'call-bound': [ '1.0.4' ],
45 silly audit   callsites: [ '3.1.0' ],
45 silly audit   camelcase: [ '5.3.1' ],
45 silly audit   chalk: [ '5.4.1', '4.1.2' ],
45 silly audit   cliui: [ '6.0.0' ],
45 silly audit   clone: [ '2.1.2' ],
45 silly audit   'color-convert': [ '2.0.1' ],
45 silly audit   'color-name': [ '1.1.4' ],
45 silly audit   'combined-stream': [ '1.0.8' ],
45 silly audit   'concat-map': [ '0.0.1' ],
45 silly audit   'content-disposition': [ '0.5.4' ],
45 silly audit   'content-type': [ '1.0.5' ],
45 silly audit   cookie: [ '0.7.1' ],
45 silly audit   'cookie-signature': [ '1.0.6' ],
45 silly audit   'cross-spawn': [ '7.0.6' ],
45 silly audit   'curve25519-js': [ '0.0.4' ],
45 silly audit   decamelize: [ '1.2.0' ],
45 silly audit   'deep-is': [ '0.1.4' ],
45 silly audit   'delayed-stream': [ '1.0.0' ],
45 silly audit   depd: [ '2.0.0' ],
45 silly audit   destroy: [ '1.2.0' ],
45 silly audit   dijkstrajs: [ '1.0.3' ],
45 silly audit   'dunder-proto': [ '1.0.1' ],
45 silly audit   'ee-first': [ '1.1.1' ],
45 silly audit   'emoji-regex': [ '8.0.0' ],
45 silly audit   encodeurl: [ '2.0.0', '1.0.2' ],
45 silly audit   'es-define-property': [ '1.0.1' ],
45 silly audit   'es-errors': [ '1.3.0' ],
45 silly audit   'es-object-atoms': [ '1.1.1' ],
45 silly audit   'es-set-tostringtag': [ '2.1.0' ],
45 silly audit   'escape-html': [ '1.0.3' ],
45 silly audit   'escape-string-regexp': [ '4.0.0' ],
45 silly audit   eslint: [ '9.30.1' ],
45 silly audit   'eslint-plugin-simple-import-sort': [ '12.1.1' ],
45 silly audit   'eslint-scope': [ '8.4.0' ],
45 silly audit   espree: [ '10.4.0' ],
45 silly audit   esquery: [ '1.6.0' ],
45 silly audit   esrecurse: [ '4.3.0' ],
45 silly audit   estraverse: [ '5.3.0' ],
45 silly audit   esutils: [ '2.0.3' ],
45 silly audit   etag: [ '1.8.1' ],
45 silly audit   'event-target-shim': [ '5.0.1' ],
45 silly audit   events: [ '3.3.0' ],
45 silly audit   express: [ '4.21.2' ],
45 silly audit   'fast-deep-equal': [ '3.1.3' ],
45 silly audit   'fast-glob': [ '3.3.3' ],
45 silly audit   'glob-parent': [ '5.1.2', '6.0.2' ],
45 silly audit   'fast-json-stable-stringify': [ '2.1.0' ],
45 silly audit   'fast-levenshtein': [ '2.0.6' ],
45 silly audit   'fast-redact': [ '3.5.0' ],
45 silly audit   fastq: [ '1.19.1' ],
45 silly audit   'file-entry-cache': [ '8.0.0' ],
45 silly audit   'file-type': [ '16.5.4' ],
45 silly audit   'fill-range': [ '7.1.1' ],
45 silly audit   finalhandler: [ '1.3.1' ],
45 silly audit   'find-up': [ '5.0.0', '4.1.0' ],
45 silly audit   'flat-cache': [ '4.0.1' ],
45 silly audit   keyv: [ '4.5.4', '5.3.4' ],
45 silly audit   flatted: [ '3.3.3' ],
45 silly audit   'follow-redirects': [ '1.15.9' ],
45 silly audit   'form-data': [ '4.0.3' ],
45 silly audit   forwarded: [ '0.2.0' ],
45 silly audit   fresh: [ '0.5.2' ],
45 silly audit   fs: [ '0.0.1-security' ],
45 silly audit   'function-bind': [ '1.1.2' ],
45 silly audit   'get-caller-file': [ '2.0.5' ],
45 silly audit   'get-intrinsic': [ '1.3.0' ],
45 silly audit   'get-proto': [ '1.0.1' ],
45 silly audit   globals: [ '14.0.0' ],
45 silly audit   gopd: [ '1.2.0' ],
45 silly audit   graphemer: [ '1.4.0' ],
45 silly audit   'has-flag': [ '4.0.0' ],
45 silly audit   'has-symbols': [ '1.1.0' ],
45 silly audit   'has-tostringtag': [ '1.0.2' ],
45 silly audit   hasown: [ '2.0.2' ],
45 silly audit   hookified: [ '1.10.0' ],
45 silly audit   'http-errors': [ '2.0.0' ],
45 silly audit   'iconv-lite': [ '0.4.24' ],
45 silly audit   ieee754: [ '1.2.1' ],
45 silly audit   'import-fresh': [ '3.3.1' ],
45 silly audit   imurmurhash: [ '0.1.4' ],
45 silly audit   inherits: [ '2.0.4' ],
45 silly audit   'ipaddr.js': [ '1.9.1' ],
45 silly audit   'is-extglob': [ '2.1.1' ],
45 silly audit   'is-fullwidth-code-point': [ '3.0.0' ],
45 silly audit   'is-glob': [ '4.0.3' ],
45 silly audit   'is-number': [ '7.0.0' ],
45 silly audit   isexe: [ '2.0.0' ],
45 silly audit   'js-yaml': [ '4.1.0' ],
45 silly audit   'json-buffer': [ '3.0.1' ],
45 silly audit   'json-schema-traverse': [ '0.4.1' ],
45 silly audit   'json-stable-stringify-without-jsonify': [ '1.0.1' ],
45 silly audit   levn: [ '0.4.1' ],
45 silly audit   '@whiskeysockets/libsignal-node': [ '2.0.1' ],
45 silly audit   long: [ '4.0.0', '5.3.2' ],
45 silly audit   protobufjs: [ '6.8.8', '7.5.3' ],
45 silly audit   'locate-path': [ '6.0.0', '5.0.0' ],
45 silly audit   lodash: [ '4.17.21' ],
45 silly audit   'lodash.merge': [ '4.6.2' ],
45 silly audit   'math-intrinsics': [ '1.1.0' ],
45 silly audit   'media-typer': [ '1.1.0', '0.3.0' ],
45 silly audit   'merge-descriptors': [ '1.0.3' ],
45 silly audit   merge2: [ '1.4.1' ],
45 silly audit   methods: [ '1.1.2' ],
45 silly audit   micromatch: [ '4.0.8' ],
45 silly audit   mime: [ '1.6.0' ],
45 silly audit   'mime-db': [ '1.52.0' ],
45 silly audit   'mime-types': [ '2.1.35' ],
45 silly audit   'music-metadata': [ '7.14.0' ],
45 silly audit   'natural-compare': [ '1.4.0' ],
45 silly audit   negotiator: [ '0.6.3' ],
45 silly audit   'node-cache': [ '5.1.2' ],
45 silly audit   'object-inspect': [ '1.13.4' ],
45 silly audit   'on-exit-leak-free': [ '2.1.2' ],
45 silly audit   'on-finished': [ '2.4.1' ],
45 silly audit   optionator: [ '0.9.4' ],
45 silly audit   'p-limit': [ '3.1.0', '2.3.0' ],
45 silly audit   'p-locate': [ '5.0.0', '4.1.0' ],
45 silly audit   'p-try': [ '2.2.0' ],
45 silly audit   'parent-module': [ '1.0.1' ],
45 silly audit   parseurl: [ '1.3.3' ],
45 silly audit   'path-exists': [ '4.0.0' ],
45 silly audit   'path-key': [ '3.1.1' ],
45 silly audit   'path-to-regexp': [ '0.1.12' ],
45 silly audit   'peek-readable': [ '4.1.0' ],
45 silly audit   picomatch: [ '2.3.1' ],
45 silly audit   pngjs: [ '5.0.0' ],
45 silly audit   'prelude-ls': [ '1.2.1' ],
45 silly audit   process: [ '0.11.10' ],
45 silly audit   'proxy-addr': [ '2.0.7' ],
45 silly audit   'proxy-from-env': [ '1.1.0' ],
45 silly audit   punycode: [ '2.3.1' ],
45 silly audit   qrcode: [ '1.5.4' ],
45 silly audit   'qrcode-terminal': [ '0.12.0' ],
45 silly audit   qs: [ '6.13.0' ],
45 silly audit   'queue-microtask': [ '1.2.3' ],
45 silly audit   'quick-format-unescaped': [ '4.0.4' ],
45 silly audit   'range-parser': [ '1.2.1' ],
45 silly audit   'raw-body': [ '2.5.2' ],
45 silly audit   'readable-stream': [ '4.7.0' ],
45 silly audit   'readable-web-to-node-stream': [ '3.0.4' ],
45 silly audit   readline: [ '1.3.0' ],
45 silly audit   'real-require': [ '0.2.0' ],
45 silly audit   'require-directory': [ '2.1.1' ],
45 silly audit   'require-main-filename': [ '2.0.0' ],
45 silly audit   'resolve-from': [ '4.0.0' ],
45 silly audit   reusify: [ '1.1.0' ],
45 silly audit   'run-parallel': [ '1.2.0' ],
45 silly audit   'safe-buffer': [ '5.2.1' ],
45 silly audit   'safe-stable-stringify': [ '2.5.0' ],
45 silly audit   'safer-buffer': [ '2.1.2' ],
45 silly audit   semver: [ '7.7.2' ],
45 silly audit   send: [ '0.19.0' ],
45 silly audit   'serve-static': [ '1.16.2' ],
45 silly audit   'set-blocking': [ '2.0.0' ],
45 silly audit   setprototypeof: [ '1.2.0' ],
45 silly audit   'shebang-command': [ '2.0.0' ],
45 silly audit   'shebang-regex': [ '3.0.0' ],
45 silly audit   'side-channel': [ '1.1.0' ],
45 silly audit   'side-channel-list': [ '1.0.0' ],
45 silly audit   'side-channel-map': [ '1.0.1' ],
45 silly audit   'side-channel-weakmap': [ '1.0.2' ],
45 silly audit   split2: [ '4.2.0' ],
45 silly audit   statuses: [ '2.0.1' ],
45 silly audit   string_decoder: [ '1.3.0' ],
45 silly audit   'string-width': [ '4.2.3' ],
45 silly audit   'strip-ansi': [ '6.0.1' ],
45 silly audit   'strip-json-comments': [ '3.1.1' ],
45 silly audit   strtok3: [ '6.3.0' ],
45 silly audit   'supports-color': [ '7.2.0' ],
45 silly audit   'to-regex-range': [ '5.0.1' ],
45 silly audit   toidentifier: [ '1.0.1' ],
45 silly audit   'token-types': [ '4.2.1' ],
45 silly audit   'ts-api-utils': [ '2.1.0' ],
45 silly audit   tslib: [ '2.8.1' ],
45 silly audit   'type-check': [ '0.4.0' ],
45 silly audit   'type-is': [ '1.6.18' ],
45 silly audit   typescript: [ '5.8.3' ],
45 silly audit   'undici-types': [ '7.8.0' ],
45 silly audit   unpipe: [ '1.0.0' ],
45 silly audit   'uri-js': [ '4.4.1' ],
45 silly audit   'utils-merge': [ '1.0.1' ],
45 silly audit   vary: [ '1.1.2' ],
45 silly audit   which: [ '2.0.2' ],
45 silly audit   'which-module': [ '2.0.1' ],
45 silly audit   'word-wrap': [ '1.2.5' ],
45 silly audit   'wrap-ansi': [ '6.2.0' ],
45 silly audit   ws: [ '8.18.3' ],
45 silly audit   y18n: [ '4.0.3' ],
45 silly audit   yargs: [ '15.4.1' ],
45 silly audit   'yargs-parser': [ '18.1.3' ],
45 silly audit   'yocto-queue': [ '0.1.0' ],
45 silly audit   'node-fetch': [ '3.3.2' ],
45 silly audit   'data-uri-to-buffer': [ '4.0.1' ],
45 silly audit   'fetch-blob': [ '3.2.0' ],
45 silly audit   'formdata-polyfill': [ '4.0.10' ],
45 silly audit   'node-domexception': [ '1.0.0' ],
45 silly audit   'web-streams-polyfill': [ '3.3.3' ]
45 silly audit }
46 http cache web-streams-polyfill@https://registry.npmjs.org/web-streams-polyfill/-/web-streams-polyfill-3.3.3.tgz 0ms (cache hit)
47 http cache node-domexception@https://registry.npmjs.org/node-domexception/-/node-domexception-1.0.0.tgz 0ms (cache hit)
48 http cache formdata-polyfill@https://registry.npmjs.org/formdata-polyfill/-/formdata-polyfill-4.0.10.tgz 0ms (cache hit)
49 http cache fetch-blob@https://registry.npmjs.org/fetch-blob/-/fetch-blob-3.2.0.tgz 0ms (cache hit)
50 http cache data-uri-to-buffer@https://registry.npmjs.org/data-uri-to-buffer/-/data-uri-to-buffer-4.0.1.tgz 0ms (cache hit)
51 http cache node-fetch@https://registry.npmjs.org/node-fetch/-/node-fetch-3.3.2.tgz 0ms (cache hit)
52 silly tarball no local data for web-streams-polyfill@https://registry.npmjs.org/web-streams-polyfill/-/web-streams-polyfill-3.3.3.tgz. Extracting by manifest.
53 silly tarball no local data for formdata-polyfill@https://registry.npmjs.org/formdata-polyfill/-/formdata-polyfill-4.0.10.tgz. Extracting by manifest.
54 silly tarball no local data for fetch-blob@https://registry.npmjs.org/fetch-blob/-/fetch-blob-3.2.0.tgz. Extracting by manifest.
55 silly tarball no local data for data-uri-to-buffer@https://registry.npmjs.org/data-uri-to-buffer/-/data-uri-to-buffer-4.0.1.tgz. Extracting by manifest.
56 silly tarball no local data for node-fetch@https://registry.npmjs.org/node-fetch/-/node-fetch-3.3.2.tgz. Extracting by manifest.
57 silly tarball no local data for node-domexception@https://registry.npmjs.org/node-domexception/-/node-domexception-1.0.0.tgz. Extracting by manifest.
58 http fetch GET 200 https://registry.npmjs.org/formdata-polyfill/-/formdata-polyfill-4.0.10.tgz 167ms (cache miss)
59 http fetch POST 200 https://registry.npmjs.org/-/npm/v1/security/advisories/bulk 280ms
60 silly audit report {}
61 http fetch GET 200 https://registry.npmjs.org/data-uri-to-buffer/-/data-uri-to-buffer-4.0.1.tgz 258ms (cache miss)
62 http fetch GET 200 https://registry.npmjs.org/fetch-blob/-/fetch-blob-3.2.0.tgz 286ms (cache miss)
63 http fetch GET 200 https://registry.npmjs.org/node-domexception/-/node-domexception-1.0.0.tgz 303ms (cache miss)
64 warn deprecated node-domexception@1.0.0: Use your platform's native DOMException instead
65 http fetch GET 200 https://registry.npmjs.org/node-fetch/-/node-fetch-3.3.2.tgz 311ms (cache miss)
66 http fetch GET 200 https://registry.npmjs.org/web-streams-polyfill/-/web-streams-polyfill-3.3.3.tgz 877ms (cache miss)
67 silly ADD node_modules/web-streams-polyfill
68 silly ADD node_modules/node-domexception
69 silly ADD node_modules/formdata-polyfill
70 silly ADD node_modules/fetch-blob
71 silly ADD node_modules/data-uri-to-buffer
72 silly ADD node_modules/node-fetch
73 verbose cwd /data/data/com.termux/files/home/depin-bot
74 verbose os Linux 5.10.226-android12-9-00047-g4968e29b7f92-ab12786767
75 verbose node v24.2.0
76 verbose npm  v11.3.0
77 verbose exit 0
78 info ok
